<?xml version="1.0" encoding="UTF-8"?>
<testsuites name="jest tests" tests="2" failures="0" time="5.396">
  <testsuite name="Query.chats" errors="0" failures="0" skipped="0" timestamp="2019-06-18T14:56:18" time="2.66" tests="1">
    <testcase classname="Query.chats should fetch all chats" name="Query.chats should fetch all chats" time="0.035">
    </testcase>
  </testsuite>
  <testsuite name="Query.chat" errors="0" failures="0" skipped="0" timestamp="2019-06-18T14:56:18" time="2.66" tests="1">
    <testcase classname="Query.chat should fetch specified chat" name="Query.chat should fetch specified chat" time="0.035">
    </testcase>
  </testsuite>
</testsuites>