<?xml version="1.0" encoding="UTF-8"?>
<testsuites name="jest tests" tests="1" failures="0" time="4.639">
  <testsuite name="Query.chats" errors="0" failures="0" skipped="0" timestamp="2019-06-17T17:27:25" time="3.861" tests="1">
    <testcase classname="Query.chats should fetch all chats" name="Query.chats should fetch all chats" time="0.031">
    </testcase>
  </testsuite>
</testsuites>